

Started GET "/" for 10.0.2.2 at 2014-10-28 22:06:44 +0000
  [1m[36mActiveRecord::SchemaMigration Load (4.7ms)[0m  [1mSELECT "schema_migrations".* FROM "schema_migrations"[0m
Processing by ProvidersController#home as HTML
  [1m[35mLocation Load (2.6ms)[0m  SELECT "locations".* FROM "locations"
  [1m[36mCategory Load (2.7ms)[0m  [1mSELECT "categories".* FROM "categories" WHERE "categories"."name" = 'Veterinario' LIMIT 1[0m
  [1m[35mCategory Load (2.5ms)[0m  SELECT "categories".* FROM "categories" WHERE "categories"."name" = 'Paseador' LIMIT 1
  [1m[36mCategory Load (2.9ms)[0m  [1mSELECT "categories".* FROM "categories" WHERE "categories"."name" = 'Hotel' LIMIT 1[0m
  [1m[35mCategory Load (2.1ms)[0m  SELECT "categories".* FROM "categories" WHERE "categories"."name" = 'Entrenador' LIMIT 1
  Rendered providers/home.html.erb within layouts/application (357.2ms)
  Rendered layouts/_footer.html.erb (2.2ms)
Completed 200 OK in 3186ms (Views: 3074.1ms | ActiveRecord: 23.1ms)


Started GET "/" for 10.0.2.2 at 2014-10-28 22:06:49 +0000
Processing by ProvidersController#home as HTML
  [1m[36mLocation Load (3.7ms)[0m  [1mSELECT "locations".* FROM "locations"[0m
  [1m[35mCategory Load (2.2ms)[0m  SELECT "categories".* FROM "categories" WHERE "categories"."name" = 'Veterinario' LIMIT 1
  [1m[36mCategory Load (7.9ms)[0m  [1mSELECT "categories".* FROM "categories" WHERE "categories"."name" = 'Paseador' LIMIT 1[0m
  [1m[35mCategory Load (22.7ms)[0m  SELECT "categories".* FROM "categories" WHERE "categories"."name" = 'Hotel' LIMIT 1
  [1m[36mCategory Load (11.5ms)[0m  [1mSELECT "categories".* FROM "categories" WHERE "categories"."name" = 'Entrenador' LIMIT 1[0m
  Rendered providers/home.html.erb within layouts/application (131.7ms)
  Rendered layouts/_footer.html.erb (0.5ms)
Completed 200 OK in 411ms (Views: 353.1ms | ActiveRecord: 48.0ms)


Started GET "/assets/application.css?body=1" for 10.0.2.2 at 2014-10-28 22:06:50 +0000


Started GET "/assets/jquery_ujs.js?body=1" for 10.0.2.2 at 2014-10-28 22:06:50 +0000


Started GET "/assets/jquery.js?body=1" for 10.0.2.2 at 2014-10-28 22:06:51 +0000


Started GET "/assets/servihogar.css?body=1" for 10.0.2.2 at 2014-10-28 22:06:51 +0000


Started GET "/assets/jquery.flexslider-min.js?body=1" for 10.0.2.2 at 2014-10-28 22:06:51 +0000


Started GET "/assets/bootstrap/collapse.js?body=1" for 10.0.2.2 at 2014-10-28 22:06:52 +0000


Started GET "/assets/bootstrap/transition.js?body=1" for 10.0.2.2 at 2014-10-28 22:06:52 +0000


Started GET "/assets/bootstrap/dropdown.js?body=1" for 10.0.2.2 at 2014-10-28 22:06:53 +0000


Started GET "/assets/bootstrap/tooltip.js?body=1" for 10.0.2.2 at 2014-10-28 22:06:53 +0000


Started GET "/assets/bootstrap/z_popover.js?body=1" for 10.0.2.2 at 2014-10-28 22:06:54 +0000


Started GET "/assets/bootstrap/modal.js?body=1" for 10.0.2.2 at 2014-10-28 22:06:54 +0000


Started GET "/assets/bootstrap/tab.js?body=1" for 10.0.2.2 at 2014-10-28 22:06:54 +0000


Started GET "/assets/easing.js?body=1" for 10.0.2.2 at 2014-10-28 22:06:55 +0000


Started GET "/assets/typeahead.min.js?body=1" for 10.0.2.2 at 2014-10-28 22:06:55 +0000


Started GET "/assets/application.js?body=1" for 10.0.2.2 at 2014-10-28 22:06:56 +0000


Started GET "/assets/site-kmimos-12.png" for 10.0.2.2 at 2014-10-28 22:06:56 +0000


Started GET "/assets/site-kmimos-05.png" for 10.0.2.2 at 2014-10-28 22:06:57 +0000


Started GET "/assets/site-kmimos-07.png" for 10.0.2.2 at 2014-10-28 22:06:57 +0000


Started GET "/assets/site-kmimos-06.png" for 10.0.2.2 at 2014-10-28 22:06:58 +0000


Started GET "/assets/site-kmimos-08.png" for 10.0.2.2 at 2014-10-28 22:06:58 +0000


Started GET "/assets/site-kmimos-09.png" for 10.0.2.2 at 2014-10-28 22:06:58 +0000


Started GET "/assets/Graphie-Book.woff" for 10.0.2.2 at 2014-10-28 22:06:59 +0000


Started GET "/assets/Graphie-Light.woff" for 10.0.2.2 at 2014-10-28 22:06:59 +0000


Started GET "/assets/bg-kmimos.jpg" for 10.0.2.2 at 2014-10-28 22:07:00 +0000


Started GET "/assets/kmimos-1.jpg" for 10.0.2.2 at 2014-10-28 22:07:00 +0000


Started GET "/assets/kmimos-2.jpg" for 10.0.2.2 at 2014-10-28 22:07:01 +0000


Started GET "/assets/kmimos-3.jpg" for 10.0.2.2 at 2014-10-28 22:07:01 +0000


Started GET "/assets/site-kmimos-10.png" for 10.0.2.2 at 2014-10-28 22:07:02 +0000


Started GET "/assets/site-kmimos-11.png" for 10.0.2.2 at 2014-10-28 22:07:02 +0000


Started GET "/providers" for 10.0.2.2 at 2014-10-28 22:13:32 +0000
Processing by ProvidersController#index as HTML
  [1m[35mLocation Load (3.4ms)[0m  SELECT "locations".* FROM "locations"
  [1m[36mLocation Load (1.8ms)[0m  [1mSELECT "locations".* FROM "locations" ORDER BY "locations"."name" ASC[0m
  [1m[35mCategory Load (1.8ms)[0m  SELECT "categories".* FROM "categories" ORDER BY "categories"."name" ASC
  [1m[36mProvider Load (3.1ms)[0m  [1mSELECT "providers".* FROM "providers"[0m
  Rendered providers/index.html.erb within layouts/application (449.7ms)
Completed 500 Internal Server Error in 968ms

ActionView::Template::Error (cannot load such file -- RMagick (You may need to install the rmagick gem)):
    18:       <div class="row">
    19:         <div class="col-md-8  p-0 list-profiles">
    20:           <div class="col-md-3 text-center p-14">
    21:             <% if provider.pictures.empty? %>
    22:               <%= image_tag('server_carnet.png', :class => "img-circle" ) %>
    23:             <% else %>
    24:               <%= image_tag(provider.pictures.last.image_url(:thumb), :class => "img-circle") %>
  app/uploaders/image_uploader.rb:6:in `include'
  app/uploaders/image_uploader.rb:6:in `<class:ImageUploader>'
  app/uploaders/image_uploader.rb:3:in `<top (required)>'
  app/models/picture.rb:3:in `<class:Picture>'
  app/models/picture.rb:1:in `<top (required)>'
  app/views/providers/index.html.erb:21:in `block in _app_views_providers_index_html_erb___333072149_109206290'
  app/views/providers/index.html.erb:13:in `_app_views_providers_index_html_erb___333072149_109206290'


  Rendered /home.rvm/gems/ruby-2.1.1/gems/actionpack-4.0.2/lib/action_dispatch/middleware/templates/rescues/_trace.erb (2.6ms)
  Rendered /home.rvm/gems/ruby-2.1.1/gems/actionpack-4.0.2/lib/action_dispatch/middleware/templates/rescues/_request_and_response.erb (3.1ms)
  Rendered /home.rvm/gems/ruby-2.1.1/gems/actionpack-4.0.2/lib/action_dispatch/middleware/templates/rescues/template_error.erb within rescues/layout (42.9ms)


Started GET "/providers" for 10.0.2.2 at 2014-10-28 22:13:44 +0000
Processing by ProvidersController#index as HTML
  [1m[35mLocation Load (2.5ms)[0m  SELECT "locations".* FROM "locations"
  [1m[36mLocation Load (4.0ms)[0m  [1mSELECT "locations".* FROM "locations" ORDER BY "locations"."name" ASC[0m
  [1m[35mCategory Load (2.9ms)[0m  SELECT "categories".* FROM "categories" ORDER BY "categories"."name" ASC
  [1m[36mProvider Load (2.3ms)[0m  [1mSELECT "providers".* FROM "providers"[0m
  Rendered providers/index.html.erb within layouts/application (166.5ms)
Completed 500 Internal Server Error in 287ms

ActionView::Template::Error (cannot load such file -- RMagick (You may need to install the rmagick gem)):
    18:       <div class="row">
    19:         <div class="col-md-8  p-0 list-profiles">
    20:           <div class="col-md-3 text-center p-14">
    21:             <% if provider.pictures.empty? %>
    22:               <%= image_tag('server_carnet.png', :class => "img-circle" ) %>
    23:             <% else %>
    24:               <%= image_tag(provider.pictures.last.image_url(:thumb), :class => "img-circle") %>
  app/uploaders/image_uploader.rb:6:in `include'
  app/uploaders/image_uploader.rb:6:in `<class:ImageUploader>'
  app/uploaders/image_uploader.rb:3:in `<top (required)>'
  app/models/picture.rb:3:in `<class:Picture>'
  app/models/picture.rb:1:in `<top (required)>'
  app/views/providers/index.html.erb:21:in `block in _app_views_providers_index_html_erb___333072149_109206290'
  app/views/providers/index.html.erb:13:in `_app_views_providers_index_html_erb___333072149_109206290'


  Rendered /home.rvm/gems/ruby-2.1.1/gems/actionpack-4.0.2/lib/action_dispatch/middleware/templates/rescues/_trace.erb (4.8ms)
  Rendered /home.rvm/gems/ruby-2.1.1/gems/actionpack-4.0.2/lib/action_dispatch/middleware/templates/rescues/_request_and_response.erb (6.6ms)
  Rendered /home.rvm/gems/ruby-2.1.1/gems/actionpack-4.0.2/lib/action_dispatch/middleware/templates/rescues/template_error.erb within rescues/layout (40.2ms)
